<?xml version="1.0" encoding="UTF-8"?>
<testsuite xmlns:xsi="http://www.w3.org/2001/XMLSchema-instance" xsi:noNamespaceSchemaLocation="https://maven.apache.org/surefire/maven-surefire-plugin/xsd/surefire-test-report-3.0.xsd" version="3.0" name="TestSuite" time="12.189" tests="1" errors="0" skipped="0" failures="0">
  <properties>
    <property name="gopherProxySet" value="false"/>
    <property name="awt.toolkit" value="sun.lwawt.macosx.LWCToolkit"/>
    <property name="java.specification.version" value="11"/>
    <property name="sun.cpu.isalist" value=""/>
    <property name="sun.jnu.encoding" value="UTF-8"/>
    <property name="java.class.path" value="/Users/shubhankarde/Desktop/MyProjects/mydemoapp_ios/target/test-classes:/Users/shubhankarde/Desktop/MyProjects/mydemoapp_ios/target/classes:/Users/shubhankarde/.m2/repository/io/appium/java-client/7.5.1/java-client-7.5.1.jar:/Users/shubhankarde/.m2/repository/org/seleniumhq/selenium/selenium-java/3.141.59/selenium-java-3.141.59.jar:/Users/shubhankarde/.m2/repository/org/seleniumhq/selenium/selenium-chrome-driver/3.141.59/selenium-chrome-driver-3.141.59.jar:/Users/shubhankarde/.m2/repository/org/seleniumhq/selenium/selenium-edge-driver/3.141.59/selenium-edge-driver-3.141.59.jar:/Users/shubhankarde/.m2/repository/org/seleniumhq/selenium/selenium-firefox-driver/3.141.59/selenium-firefox-driver-3.141.59.jar:/Users/shubhankarde/.m2/repository/org/seleniumhq/selenium/selenium-ie-driver/3.141.59/selenium-ie-driver-3.141.59.jar:/Users/shubhankarde/.m2/repository/org/seleniumhq/selenium/selenium-opera-driver/3.141.59/selenium-opera-driver-3.141.59.jar:/Users/shubhankarde/.m2/repository/org/seleniumhq/selenium/selenium-remote-driver/3.141.59/selenium-remote-driver-3.141.59.jar:/Users/shubhankarde/.m2/repository/org/seleniumhq/selenium/selenium-safari-driver/3.141.59/selenium-safari-driver-3.141.59.jar:/Users/shubhankarde/.m2/repository/org/apache/commons/commons-exec/1.3/commons-exec-1.3.jar:/Users/shubhankarde/.m2/repository/com/google/guava/guava/25.0-jre/guava-25.0-jre.jar:/Users/shubhankarde/.m2/repository/com/google/code/findbugs/jsr305/1.3.9/jsr305-1.3.9.jar:/Users/shubhankarde/.m2/repository/org/checkerframework/checker-compat-qual/2.0.0/checker-compat-qual-2.0.0.jar:/Users/shubhankarde/.m2/repository/com/google/errorprone/error_prone_annotations/2.1.3/error_prone_annotations-2.1.3.jar:/Users/shubhankarde/.m2/repository/com/google/j2objc/j2objc-annotations/1.1/j2objc-annotations-1.1.jar:/Users/shubhankarde/.m2/repository/org/codehaus/mojo/animal-sniffer-annotations/1.14/animal-sniffer-annotations-1.14.jar:/Users/shubhankarde/.m2/repository/com/squareup/okhttp3/okhttp/3.11.0/okhttp-3.11.0.jar:/Users/shubhankarde/.m2/repository/com/squareup/okio/okio/1.14.0/okio-1.14.0.jar:/Users/shubhankarde/.m2/repository/org/seleniumhq/selenium/selenium-support/3.141.59/selenium-support-3.141.59.jar:/Users/shubhankarde/.m2/repository/org/seleniumhq/selenium/selenium-api/3.141.59/selenium-api-3.141.59.jar:/Users/shubhankarde/.m2/repository/com/google/code/gson/gson/2.8.6/gson-2.8.6.jar:/Users/shubhankarde/.m2/repository/org/apache/httpcomponents/httpclient/4.5.13/httpclient-4.5.13.jar:/Users/shubhankarde/.m2/repository/org/apache/httpcomponents/httpcore/4.4.13/httpcore-4.4.13.jar:/Users/shubhankarde/.m2/repository/commons-logging/commons-logging/1.2/commons-logging-1.2.jar:/Users/shubhankarde/.m2/repository/commons-codec/commons-codec/1.11/commons-codec-1.11.jar:/Users/shubhankarde/.m2/repository/cglib/cglib/3.3.0/cglib-3.3.0.jar:/Users/shubhankarde/.m2/repository/org/ow2/asm/asm/7.1/asm-7.1.jar:/Users/shubhankarde/.m2/repository/commons-validator/commons-validator/1.7/commons-validator-1.7.jar:/Users/shubhankarde/.m2/repository/commons-beanutils/commons-beanutils/1.9.4/commons-beanutils-1.9.4.jar:/Users/shubhankarde/.m2/repository/commons-digester/commons-digester/2.1/commons-digester-2.1.jar:/Users/shubhankarde/.m2/repository/commons-collections/commons-collections/3.2.2/commons-collections-3.2.2.jar:/Users/shubhankarde/.m2/repository/org/apache/commons/commons-lang3/3.12.0/commons-lang3-3.12.0.jar:/Users/shubhankarde/.m2/repository/commons-io/commons-io/2.8.0/commons-io-2.8.0.jar:/Users/shubhankarde/.m2/repository/org/springframework/spring-context/5.3.4/spring-context-5.3.4.jar:/Users/shubhankarde/.m2/repository/org/springframework/spring-aop/5.3.4/spring-aop-5.3.4.jar:/Users/shubhankarde/.m2/repository/org/springframework/spring-beans/5.3.4/spring-beans-5.3.4.jar:/Users/shubhankarde/.m2/repository/org/springframework/spring-core/5.3.4/spring-core-5.3.4.jar:/Users/shubhankarde/.m2/repository/org/springframework/spring-jcl/5.3.4/spring-jcl-5.3.4.jar:/Users/shubhankarde/.m2/repository/org/springframework/spring-expression/5.3.4/spring-expression-5.3.4.jar:/Users/shubhankarde/.m2/repository/org/aspectj/aspectjweaver/1.9.6/aspectjweaver-1.9.6.jar:/Users/shubhankarde/.m2/repository/org/slf4j/slf4j-api/1.7.30/slf4j-api-1.7.30.jar:/Users/shubhankarde/.m2/repository/org/testng/testng/7.7.0/testng-7.7.0.jar:/Users/shubhankarde/.m2/repository/com/beust/jcommander/1.82/jcommander-1.82.jar:/Users/shubhankarde/.m2/repository/org/webjars/jquery/3.6.1/jquery-3.6.1.jar:/Users/shubhankarde/.m2/repository/org/assertj/assertj-core/3.24.2/assertj-core-3.24.2.jar:/Users/shubhankarde/.m2/repository/net/bytebuddy/byte-buddy/1.12.21/byte-buddy-1.12.21.jar:/Users/shubhankarde/.m2/repository/com/aventstack/extentreports/5.0.9/extentreports-5.0.9.jar:/Users/shubhankarde/.m2/repository/io/reactivex/rxjava3/rxjava/3.0.4/rxjava-3.0.4.jar:/Users/shubhankarde/.m2/repository/org/reactivestreams/reactive-streams/1.0.3/reactive-streams-1.0.3.jar:/Users/shubhankarde/.m2/repository/org/freemarker/freemarker/2.3.30/freemarker-2.3.30.jar:/Users/shubhankarde/.m2/repository/com/github/javafaker/javafaker/1.0.2/javafaker-1.0.2.jar:/Users/shubhankarde/.m2/repository/org/yaml/snakeyaml/1.23/snakeyaml-1.23-android.jar:/Users/shubhankarde/.m2/repository/com/github/mifmif/generex/1.0.2/generex-1.0.2.jar:/Users/shubhankarde/.m2/repository/dk/brics/automaton/automaton/1.11-8/automaton-1.11-8.jar:/Users/shubhankarde/.m2/repository/org/apache/logging/log4j/log4j-api/2.20.0/log4j-api-2.20.0.jar:/Users/shubhankarde/.m2/repository/com/creditdatamw/labs/zerocell-core/0.5.1/zerocell-core-0.5.1.jar:/Users/shubhankarde/.m2/repository/org/apache/poi/poi/5.1.0/poi-5.1.0.jar:/Users/shubhankarde/.m2/repository/org/apache/commons/commons-collections4/4.4/commons-collections4-4.4.jar:/Users/shubhankarde/.m2/repository/org/apache/commons/commons-math3/3.6.1/commons-math3-3.6.1.jar:/Users/shubhankarde/.m2/repository/com/zaxxer/SparseBitSet/1.2/SparseBitSet-1.2.jar:/Users/shubhankarde/.m2/repository/org/apache/poi/poi-ooxml/5.1.0/poi-ooxml-5.1.0.jar:/Users/shubhankarde/.m2/repository/org/apache/poi/poi-ooxml-lite/5.1.0/poi-ooxml-lite-5.1.0.jar:/Users/shubhankarde/.m2/repository/org/apache/xmlbeans/xmlbeans/5.0.2/xmlbeans-5.0.2.jar:/Users/shubhankarde/.m2/repository/org/apache/commons/commons-compress/1.21/commons-compress-1.21.jar:/Users/shubhankarde/.m2/repository/com/github/virtuald/curvesapi/1.06/curvesapi-1.06.jar:/Users/shubhankarde/.m2/repository/org/projectlombok/lombok/1.18.26/lombok-1.18.26.jar:/Users/shubhankarde/.m2/repository/org/apache/logging/log4j/log4j-core/2.20.0/log4j-core-2.20.0.jar:"/>
    <property name="java.vm.vendor" value="Apple Inc."/>
    <property name="sun.arch.data.model" value="64"/>
    <property name="java.vendor.url" value="https://java.apple.com"/>
    <property name="user.timezone" value="Asia/Kolkata"/>
    <property name="java.vm.specification.version" value="11"/>
    <property name="os.name" value="Mac OS X"/>
    <property name="sun.java.launcher" value="SUN_STANDARD"/>
    <property name="user.country" value="IN"/>
    <property name="sun.boot.library.path" value="/Library/Java/JavaVirtualMachines/applejdk-11.jdk/Contents/Home/lib"/>
    <property name="sun.java.command" value="/Users/shubhankarde/Desktop/MyProjects/mydemoapp_ios/target/surefire/surefirebooter-20230704211813745_3.jar /Users/shubhankarde/Desktop/MyProjects/mydemoapp_ios/target/surefire 2023-07-04T21-18-13_637-jvmRun1 surefire-20230704211813745_1tmp surefire_0-20230704211813745_2tmp"/>
    <property name="jdk.debug" value="release"/>
    <property name="surefire.test.class.path" value="/Users/shubhankarde/Desktop/MyProjects/mydemoapp_ios/target/test-classes:/Users/shubhankarde/Desktop/MyProjects/mydemoapp_ios/target/classes:/Users/shubhankarde/.m2/repository/io/appium/java-client/7.5.1/java-client-7.5.1.jar:/Users/shubhankarde/.m2/repository/org/seleniumhq/selenium/selenium-java/3.141.59/selenium-java-3.141.59.jar:/Users/shubhankarde/.m2/repository/org/seleniumhq/selenium/selenium-chrome-driver/3.141.59/selenium-chrome-driver-3.141.59.jar:/Users/shubhankarde/.m2/repository/org/seleniumhq/selenium/selenium-edge-driver/3.141.59/selenium-edge-driver-3.141.59.jar:/Users/shubhankarde/.m2/repository/org/seleniumhq/selenium/selenium-firefox-driver/3.141.59/selenium-firefox-driver-3.141.59.jar:/Users/shubhankarde/.m2/repository/org/seleniumhq/selenium/selenium-ie-driver/3.141.59/selenium-ie-driver-3.141.59.jar:/Users/shubhankarde/.m2/repository/org/seleniumhq/selenium/selenium-opera-driver/3.141.59/selenium-opera-driver-3.141.59.jar:/Users/shubhankarde/.m2/repository/org/seleniumhq/selenium/selenium-remote-driver/3.141.59/selenium-remote-driver-3.141.59.jar:/Users/shubhankarde/.m2/repository/org/seleniumhq/selenium/selenium-safari-driver/3.141.59/selenium-safari-driver-3.141.59.jar:/Users/shubhankarde/.m2/repository/org/apache/commons/commons-exec/1.3/commons-exec-1.3.jar:/Users/shubhankarde/.m2/repository/com/google/guava/guava/25.0-jre/guava-25.0-jre.jar:/Users/shubhankarde/.m2/repository/com/google/code/findbugs/jsr305/1.3.9/jsr305-1.3.9.jar:/Users/shubhankarde/.m2/repository/org/checkerframework/checker-compat-qual/2.0.0/checker-compat-qual-2.0.0.jar:/Users/shubhankarde/.m2/repository/com/google/errorprone/error_prone_annotations/2.1.3/error_prone_annotations-2.1.3.jar:/Users/shubhankarde/.m2/repository/com/google/j2objc/j2objc-annotations/1.1/j2objc-annotations-1.1.jar:/Users/shubhankarde/.m2/repository/org/codehaus/mojo/animal-sniffer-annotations/1.14/animal-sniffer-annotations-1.14.jar:/Users/shubhankarde/.m2/repository/com/squareup/okhttp3/okhttp/3.11.0/okhttp-3.11.0.jar:/Users/shubhankarde/.m2/repository/com/squareup/okio/okio/1.14.0/okio-1.14.0.jar:/Users/shubhankarde/.m2/repository/org/seleniumhq/selenium/selenium-support/3.141.59/selenium-support-3.141.59.jar:/Users/shubhankarde/.m2/repository/org/seleniumhq/selenium/selenium-api/3.141.59/selenium-api-3.141.59.jar:/Users/shubhankarde/.m2/repository/com/google/code/gson/gson/2.8.6/gson-2.8.6.jar:/Users/shubhankarde/.m2/repository/org/apache/httpcomponents/httpclient/4.5.13/httpclient-4.5.13.jar:/Users/shubhankarde/.m2/repository/org/apache/httpcomponents/httpcore/4.4.13/httpcore-4.4.13.jar:/Users/shubhankarde/.m2/repository/commons-logging/commons-logging/1.2/commons-logging-1.2.jar:/Users/shubhankarde/.m2/repository/commons-codec/commons-codec/1.11/commons-codec-1.11.jar:/Users/shubhankarde/.m2/repository/cglib/cglib/3.3.0/cglib-3.3.0.jar:/Users/shubhankarde/.m2/repository/org/ow2/asm/asm/7.1/asm-7.1.jar:/Users/shubhankarde/.m2/repository/commons-validator/commons-validator/1.7/commons-validator-1.7.jar:/Users/shubhankarde/.m2/repository/commons-beanutils/commons-beanutils/1.9.4/commons-beanutils-1.9.4.jar:/Users/shubhankarde/.m2/repository/commons-digester/commons-digester/2.1/commons-digester-2.1.jar:/Users/shubhankarde/.m2/repository/commons-collections/commons-collections/3.2.2/commons-collections-3.2.2.jar:/Users/shubhankarde/.m2/repository/org/apache/commons/commons-lang3/3.12.0/commons-lang3-3.12.0.jar:/Users/shubhankarde/.m2/repository/commons-io/commons-io/2.8.0/commons-io-2.8.0.jar:/Users/shubhankarde/.m2/repository/org/springframework/spring-context/5.3.4/spring-context-5.3.4.jar:/Users/shubhankarde/.m2/repository/org/springframework/spring-aop/5.3.4/spring-aop-5.3.4.jar:/Users/shubhankarde/.m2/repository/org/springframework/spring-beans/5.3.4/spring-beans-5.3.4.jar:/Users/shubhankarde/.m2/repository/org/springframework/spring-core/5.3.4/spring-core-5.3.4.jar:/Users/shubhankarde/.m2/repository/org/springframework/spring-jcl/5.3.4/spring-jcl-5.3.4.jar:/Users/shubhankarde/.m2/repository/org/springframework/spring-expression/5.3.4/spring-expression-5.3.4.jar:/Users/shubhankarde/.m2/repository/org/aspectj/aspectjweaver/1.9.6/aspectjweaver-1.9.6.jar:/Users/shubhankarde/.m2/repository/org/slf4j/slf4j-api/1.7.30/slf4j-api-1.7.30.jar:/Users/shubhankarde/.m2/repository/org/testng/testng/7.7.0/testng-7.7.0.jar:/Users/shubhankarde/.m2/repository/com/beust/jcommander/1.82/jcommander-1.82.jar:/Users/shubhankarde/.m2/repository/org/webjars/jquery/3.6.1/jquery-3.6.1.jar:/Users/shubhankarde/.m2/repository/org/assertj/assertj-core/3.24.2/assertj-core-3.24.2.jar:/Users/shubhankarde/.m2/repository/net/bytebuddy/byte-buddy/1.12.21/byte-buddy-1.12.21.jar:/Users/shubhankarde/.m2/repository/com/aventstack/extentreports/5.0.9/extentreports-5.0.9.jar:/Users/shubhankarde/.m2/repository/io/reactivex/rxjava3/rxjava/3.0.4/rxjava-3.0.4.jar:/Users/shubhankarde/.m2/repository/org/reactivestreams/reactive-streams/1.0.3/reactive-streams-1.0.3.jar:/Users/shubhankarde/.m2/repository/org/freemarker/freemarker/2.3.30/freemarker-2.3.30.jar:/Users/shubhankarde/.m2/repository/com/github/javafaker/javafaker/1.0.2/javafaker-1.0.2.jar:/Users/shubhankarde/.m2/repository/org/yaml/snakeyaml/1.23/snakeyaml-1.23-android.jar:/Users/shubhankarde/.m2/repository/com/github/mifmif/generex/1.0.2/generex-1.0.2.jar:/Users/shubhankarde/.m2/repository/dk/brics/automaton/automaton/1.11-8/automaton-1.11-8.jar:/Users/shubhankarde/.m2/repository/org/apache/logging/log4j/log4j-api/2.20.0/log4j-api-2.20.0.jar:/Users/shubhankarde/.m2/repository/com/creditdatamw/labs/zerocell-core/0.5.1/zerocell-core-0.5.1.jar:/Users/shubhankarde/.m2/repository/org/apache/poi/poi/5.1.0/poi-5.1.0.jar:/Users/shubhankarde/.m2/repository/org/apache/commons/commons-collections4/4.4/commons-collections4-4.4.jar:/Users/shubhankarde/.m2/repository/org/apache/commons/commons-math3/3.6.1/commons-math3-3.6.1.jar:/Users/shubhankarde/.m2/repository/com/zaxxer/SparseBitSet/1.2/SparseBitSet-1.2.jar:/Users/shubhankarde/.m2/repository/org/apache/poi/poi-ooxml/5.1.0/poi-ooxml-5.1.0.jar:/Users/shubhankarde/.m2/repository/org/apache/poi/poi-ooxml-lite/5.1.0/poi-ooxml-lite-5.1.0.jar:/Users/shubhankarde/.m2/repository/org/apache/xmlbeans/xmlbeans/5.0.2/xmlbeans-5.0.2.jar:/Users/shubhankarde/.m2/repository/org/apache/commons/commons-compress/1.21/commons-compress-1.21.jar:/Users/shubhankarde/.m2/repository/com/github/virtuald/curvesapi/1.06/curvesapi-1.06.jar:/Users/shubhankarde/.m2/repository/org/projectlombok/lombok/1.18.26/lombok-1.18.26.jar:/Users/shubhankarde/.m2/repository/org/apache/logging/log4j/log4j-core/2.20.0/log4j-core-2.20.0.jar:"/>
    <property name="sun.cpu.endian" value="little"/>
    <property name="user.home" value="/Users/shubhankarde"/>
    <property name="user.language" value="en"/>
    <property name="java.specification.vendor" value="Oracle Corporation"/>
    <property name="java.version.date" value="2019-07-16"/>
    <property name="java.home" value="/Library/Java/JavaVirtualMachines/applejdk-11.jdk/Contents/Home"/>
    <property name="file.separator" value="/"/>
    <property name="basedir" value="/Users/shubhankarde/Desktop/MyProjects/mydemoapp_ios"/>
    <property name="java.vm.compressedOopsMode" value="Zero based"/>
    <property name="line.separator" value="&#10;"/>
    <property name="java.specification.name" value="Java Platform API Specification"/>
    <property name="java.vm.specification.vendor" value="Oracle Corporation"/>
    <property name="java.awt.graphicsenv" value="sun.awt.CGraphicsEnvironment"/>
    <property name="surefire.real.class.path" value="/Users/shubhankarde/Desktop/MyProjects/mydemoapp_ios/target/surefire/surefirebooter-20230704211813745_3.jar"/>
    <property name="sun.management.compiler" value="HotSpot 64-Bit Tiered Compilers"/>
    <property name="java.runtime.version" value="11.0.4+11-LTS"/>
    <property name="user.name" value="shubhankarde"/>
    <property name="path.separator" value=":"/>
    <property name="os.version" value="10.16"/>
    <property name="java.runtime.name" value="OpenJDK Runtime Environment"/>
    <property name="file.encoding" value="US-ASCII"/>
    <property name="java.vm.name" value="OpenJDK 64-Bit Server VM"/>
    <property name="java.vendor.version" value="AppleJDK-11.0.4.11.4"/>
    <property name="localRepository" value="/Users/shubhankarde/.m2/repository"/>
    <property name="java.vendor.url.bug" value="https://rdar.apple.com/new/1003593"/>
    <property name="java.io.tmpdir" value="/var/folders/_v/g18n0b2961x7l71wldzl_s7r0000gs/T/"/>
    <property name="java.version" value="11.0.4"/>
    <property name="user.dir" value="/Users/shubhankarde/Desktop/MyProjects/mydemoapp_ios"/>
    <property name="os.arch" value="x86_64"/>
    <property name="java.vm.specification.name" value="Java Virtual Machine Specification"/>
    <property name="java.awt.printerjob" value="sun.lwawt.macosx.CPrinterJob"/>
    <property name="sun.os.patch.level" value="unknown"/>
    <property name="java.library.path" value="/Users/shubhankarde/Library/Java/Extensions:/Library/Java/Extensions:/Network/Library/Java/Extensions:/System/Library/Java/Extensions:/usr/lib/java:."/>
    <property name="java.vendor" value="Apple Inc."/>
    <property name="java.vm.info" value="mixed mode"/>
    <property name="java.vm.version" value="11.0.4+11-LTS"/>
    <property name="sun.io.unicode.encoding" value="UnicodeBig"/>
    <property name="java.class.version" value="55.0"/>
  </properties>
  <testcase name="verifyProductDetails[Sauce Labs Fleece Jacket, $49.99](1)" classname="com.iOS.patient.testcases.OrderToCashFlowTest" time="3.488">
    <system-out><![CDATA[Sauce Labs Backpack
Sauce Labs Bike Light
Sauce Labs Bolt T-Shirt
Sauce Labs Fleece Jacket
Sauce Labs Onesie
Test.allTheThings() T-Shirt
$29.99
$9.99
$15.99
$49.99
$7.99
$15.99
]]></system-out>
    <system-err><![CDATA[SLF4J: Failed to load class "org.slf4j.impl.StaticLoggerBinder".
SLF4J: Defaulting to no-operation (NOP) logger implementation
SLF4J: See http://www.slf4j.org/codes.html#StaticLoggerBinder for further details.
Jul 04, 2023 9:18:21 PM io.appium.java_client.remote.AppiumCommandExecutor$1 lambda$0
INFO: Detected dialect: W3C
]]></system-err>
  </testcase>
</testsuite>