<?xml version="1.0" encoding="UTF-8"?>
<!-- Generated by org.testng.reporters.JUnitReportReporter -->
<testsuite hostname="suvo" name="com.automation.testcases.Google_Ad_Search" tests="2" failures="0" timestamp="9 Mar 2021 08:38:37 GMT" time="91.097" errors="0">
  <testcase name="capture_Ad_Details" time="89.645" classname="com.automation.testcases.Google_Ad_Search"/>
  <testcase name="convert_To_Json" time="1.452" classname="com.automation.testcases.Google_Ad_Search"/>
</testsuite> <!-- com.automation.testcases.Google_Ad_Search -->
