<?xml version="1.0" encoding="UTF-8"?>
<!-- Generated by org.testng.reporters.JUnitReportReporter -->
<testsuite hostname="suvo" failures="0" tests="2" name="com.automation.testcases.LinkedInEmpSearch" time="17.956" errors="0" timestamp="22 Aug 2021 15:09:32 GMT" skipped="1">
  <testcase classname="com.automation.testcases.LinkedInEmpSearch" name="login_To_ContactOut_Extension" time="17.956"/>
  <testcase classname="com.automation.testcases.LinkedInEmpSearch" name="login_To_LinkedIn_and_Search">
    <skipped/>
  </testcase> <!-- login_To_LinkedIn_and_Search -->
</testsuite> <!-- com.automation.testcases.LinkedInEmpSearch -->
