<?xml version="1.0" encoding="UTF-8"?>
<!-- Generated by org.testng.reporters.JUnitReportReporter -->
<testsuite hostname="suvo" failures="0" tests="11" name="AllTestNgListeners" time="0.087" errors="0" timestamp="22 Aug 2021 15:09:33 GMT" skipped="1">
  <testcase classname="AllTestNgListeners" name="m8" time="0.006"/>
  <testcase classname="AllTestNgListeners" name="m6" time="0.005"/>
  <testcase classname="AllTestNgListeners" name="m2" time="0.007"/>
  <testcase classname="AllTestNgListeners" name="m7" time="0.024"/>
  <testcase classname="AllTestNgListeners" name="m4" time="0.006"/>
  <testcase classname="AllTestNgListeners" name="m8" time="0.007"/>
  <testcase classname="AllTestNgListeners" name="m4" time="0.019"/>
  <testcase classname="AllTestNgListeners" name="m4" time="0.005"/>
  <testcase classname="AllTestNgListeners" name="m3" time="0.004"/>
  <testcase classname="AllTestNgListeners" name="m1" time="0.004"/>
  <testcase classname="AllTestNgListeners" name="m5">
    <skipped/>
  </testcase> <!-- m5 -->
</testsuite> <!-- AllTestNgListeners -->
