<?xml version="1.0" encoding="UTF-8"?>
<!-- Generated by org.testng.reporters.JUnitReportReporter -->
<testsuite hostname="suvo" failures="0" tests="11" name="TestNgAllListeners" time="0.084" errors="0" timestamp="22 Aug 2021 15:07:20 GMT" skipped="1">
  <testcase classname="TestNgAllListeners" name="m6" time="0.006"/>
  <testcase classname="TestNgAllListeners" name="m2" time="0.007"/>
  <testcase classname="TestNgAllListeners" name="m4" time="0.018"/>
  <testcase classname="TestNgAllListeners" name="m8" time="0.005"/>
  <testcase classname="TestNgAllListeners" name="m4" time="0.013"/>
  <testcase classname="TestNgAllListeners" name="m7" time="0.018"/>
  <testcase classname="TestNgAllListeners" name="m8" time="0.004"/>
  <testcase classname="TestNgAllListeners" name="m4" time="0.005"/>
  <testcase classname="TestNgAllListeners" name="m3" time="0.004"/>
  <testcase classname="TestNgAllListeners" name="m1" time="0.004"/>
  <testcase classname="TestNgAllListeners" name="m5">
    <skipped/>
  </testcase> <!-- m5 -->
</testsuite> <!-- TestNgAllListeners -->
