<?xml version="1.0" encoding="UTF-8"?>
<!-- Generated by org.testng.reporters.JUnitReportReporter -->
<testsuite skipped="0" hostname="suvo" name="com.example.AmazonTest" tests="1" failures="0" timestamp="2022-06-08T01:26:18 IST" time="59.821" errors="0">
  <testcase name="validatePageTitle" time="59.821" classname="com.example.AmazonTest"/>
  <system-out/>
</testsuite> <!-- com.example.AmazonTest -->
