<?xml version="1.0" encoding="UTF-8"?>
<!-- Generated by org.testng.reporters.JUnitReportReporter -->
<testsuite hostname="suvo" name="com.automation.utilities.ExcelHandle" tests="1" failures="0" timestamp="4 Jan 2021 11:04:04 GMT" time="13.719" errors="0">
  <testcase name="googleSearch1" time="13.719" classname="com.automation.utilities.ExcelHandle"/>
</testsuite> <!-- com.automation.utilities.ExcelHandle -->
