<?xml version="1.0" encoding="UTF-8"?>
<!-- Generated by org.testng.reporters.JUnitReportReporter -->
<testsuite hostname="Shubhankar" name="com.automation.utilities.SeleniumGrid" tests="1" failures="0" timestamp="22 Dec 2018 17:25:56 GMT" time="56.282" errors="0">
  <testcase name="googleSearch1" time="56.282" classname="com.automation.utilities.SeleniumGrid"/>
</testsuite> <!-- com.automation.utilities.SeleniumGrid -->
