<?xml version="1.0" encoding="UTF-8"?>
<!-- Generated by org.testng.reporters.JUnitReportReporter -->
<testsuite hostname="Shubhankar" name="com.automation.utilities.DataProvider" tests="2" failures="0" timestamp="8 Dec 2018 20:40:10 GMT" time="0.100" errors="0">
  <testcase name="Test" time="0.091" classname="com.automation.utilities.DataProvider"/>
  <testcase name="Test" time="0.009" classname="com.automation.utilities.DataProvider"/>
</testsuite> <!-- com.automation.utilities.DataProvider -->
