<?xml version="1.0" encoding="UTF-8"?>
<!-- Generated by org.testng.reporters.JUnitReportReporter -->
<testsuite hostname="Shubhankar" name="com.automation.utilities.DemoTestNG2" tests="1" failures="0" timestamp="18 Nov 2018 16:19:30 GMT" time="35.148" errors="0">
  <testcase name="googleSearch1" time="35.148" classname="com.automation.utilities.DemoTestNG2"/>
</testsuite> <!-- com.automation.utilities.DemoTestNG2 -->
