<?xml version="1.0" encoding="UTF-8"?>
<!-- Generated by org.testng.reporters.JUnitReportReporter -->
<testsuite hostname="Shubhankar" name="com.automation.utilities.DemoTestNG" tests="2" failures="0" timestamp="11 Nov 2018 20:47:00 GMT" time="27.214" errors="0">
  <testcase name="googleSearch1" time="14.104" classname="com.automation.utilities.DemoTestNG"/>
  <testcase name="googleSearch2" time="13.110" classname="com.automation.utilities.DemoTestNG"/>
</testsuite> <!-- com.automation.utilities.DemoTestNG -->
