<?xml version="1.0" encoding="UTF-8"?>
<!-- Generated by org.testng.reporters.JUnitReportReporter -->
<testsuite skipped="3" hostname="suvo" name="com.restassured.testcases.BestBuyAPITests" tests="5" failures="0" timestamp="04 Jan 2021 17:54:52 GMT" time="208.962" errors="0">
  <testcase name="getProducts" time="46.365" classname="com.restassured.testcases.BestBuyAPITests"/>
  <testcase name="getProducts" time="162.597" classname="com.restassured.testcases.BestBuyAPITests"/>
  <testcase name="postProductWithoutPOJO" classname="com.restassured.testcases.BestBuyAPITests">
    <skipped/>
  </testcase> <!-- postProductWithoutPOJO -->
  <testcase name="postProductByReadingRequestFromFile" classname="com.restassured.testcases.BestBuyAPITests">
    <skipped/>
  </testcase> <!-- postProductByReadingRequestFromFile -->
  <testcase name="postProductWithPojo" classname="com.restassured.testcases.BestBuyAPITests">
    <skipped/>
  </testcase> <!-- postProductWithPojo -->
</testsuite> <!-- com.restassured.testcases.BestBuyAPITests -->
