<?xml version="1.0" encoding="UTF-8"?>
<!-- Generated by org.testng.reporters.JUnitReportReporter -->
<testsuite skipped="0" hostname="suvo" name="com.restassured.testcases.BestBuyAPIStoreTest" tests="1" failures="0" timestamp="07 Jan 2021 17:03:13 GMT" time="8.068" errors="0">
  <testcase name="get_post_update_delete_Stores" time="8.068" classname="com.restassured.testcases.BestBuyAPIStoreTest"/>
</testsuite> <!-- com.restassured.testcases.BestBuyAPIStoreTest -->
