<?xml version="1.0" encoding="UTF-8"?>
<!-- Generated by org.testng.reporters.JUnitReportReporter -->
<testsuite skipped="0" hostname="suvo" name="com.restassured.testcases.RestCountriesTest" tests="2" failures="0" timestamp="04 Jan 2021 17:54:52 GMT" time="42.277" errors="0">
  <testcase name="getCountryDetailsTest" time="40.750" classname="com.restassured.testcases.RestCountriesTest"/>
  <testcase name="getCountryDetailsTest" time="1.527" classname="com.restassured.testcases.RestCountriesTest"/>
</testsuite> <!-- com.restassured.testcases.RestCountriesTest -->
