<?xml version="1.0" encoding="UTF-8"?>
<!-- Generated by org.testng.reporters.JUnitReportReporter -->
<testsuite hostname="01HW1582754" failures="0" tests="1" name="com.iOS.patient.testcases.OrderToCashFlowTest" time="10.720" errors="0" timestamp="2023-07-04T21:18:26 IST" skipped="0">
  <testcase classname="com.iOS.patient.testcases.OrderToCashFlowTest" name="verifyProductDetails" time="10.720"/>
  <system-out/>
</testsuite> <!-- com.iOS.patient.testcases.OrderToCashFlowTest -->
